
Image: 23.png
Process time: 0.0010s
Parameters: 58
PSNR: 10.7194 dB
SSIM: 0.4247
MSE: 5509.8148
LPIPS: 0.5994
NIQE: 0.0000
PI: 0.0000
LOE: 0.3161
MAE: 0.3169
========================================

Image: 493.png
Process time: 0.0000s
Parameters: 58
PSNR: 21.7844 dB
SSIM: 0.6198
MSE: 431.1665
LPIPS: 0.2055
NIQE: 0.0000
PI: 0.0000
LOE: 0.2820
MAE: 0.1275
========================================

Image: 547.png
Process time: 0.0010s
Parameters: 58
PSNR: 21.2464 dB
SSIM: 0.5936
MSE: 488.0237
LPIPS: 0.3676
NIQE: 0.0000
PI: 0.0000
LOE: 0.3194
MAE: 0.0889
========================================

Image: 55.png
Process time: 0.0010s
Parameters: 58
PSNR: 10.2468 dB
SSIM: 0.4118
MSE: 6143.2532
LPIPS: 0.5231
NIQE: 0.0000
PI: 0.0000
LOE: 0.3180
MAE: 0.3334
========================================

Image: 665.png
Process time: 0.0000s
Parameters: 58
PSNR: 13.6811 dB
SSIM: 0.4108
MSE: 2785.9435
LPIPS: 0.5010
NIQE: 0.0000
PI: 0.0000
LOE: 0.3409
MAE: 0.2668
========================================

Image: 669.png
Process time: 0.0010s
Parameters: 58
PSNR: 23.5504 dB
SSIM: 0.6156
MSE: 287.1053
LPIPS: 0.3750
NIQE: 0.0000
PI: 0.0000
LOE: 0.3111
MAE: 0.0482
========================================

Image: 748.png
Process time: 0.0010s
Parameters: 58
PSNR: 22.3581 dB
SSIM: 0.6231
MSE: 377.8077
LPIPS: 0.2626
NIQE: 0.0000
PI: 0.0000
LOE: 0.2721
MAE: 0.0869
========================================

Image: 778.png
Process time: 0.0010s
Parameters: 58
PSNR: 17.8870 dB
SSIM: 0.5486
MSE: 1057.7344
LPIPS: 0.2918
NIQE: 0.0000
PI: 0.0000
LOE: 0.2486
MAE: 0.1898
========================================

Image: 780.png
Process time: 0.0010s
Parameters: 58
PSNR: 20.2750 dB
SSIM: 0.4933
MSE: 610.3471
LPIPS: 0.3829
NIQE: 0.0000
PI: 0.0000
LOE: 0.3186
MAE: 0.1352
========================================

Image: 79.png
Process time: 0.0010s
Parameters: 58
PSNR: 21.9617 dB
SSIM: 0.7267
MSE: 413.9185
LPIPS: 0.2570
NIQE: 0.0000
PI: 0.0000
LOE: 0.3017
MAE: 0.0595
========================================

Image: 1.png
Process time: 0.0000s
Parameters: 58
PSNR: 22.9997 dB
SSIM: 0.7309
MSE: 325.9207
LPIPS: 0.1914
NIQE: 0.0000
PI: 0.0000
LOE: 0.2241
MAE: 0.0592
========================================

Image: 111.png
Process time: 0.0000s
Parameters: 58
PSNR: 21.1838 dB
SSIM: 0.7004
MSE: 495.1033
LPIPS: 0.2924
NIQE: 0.0000
PI: 0.0000
LOE: 0.3015
MAE: 0.0667
========================================

Image: 146.png
Process time: 0.0000s
Parameters: 58
PSNR: 23.7880 dB
SSIM: 0.7777
MSE: 271.8217
LPIPS: 0.1635
NIQE: 0.0000
PI: 0.0000
LOE: 0.3130
MAE: 0.0503
========================================

Image: 179.png
Process time: 0.0000s
Parameters: 58
PSNR: 12.0167 dB
SSIM: 0.5621
MSE: 4087.0997
LPIPS: 0.2481
NIQE: 0.0000
PI: 0.0000
LOE: 0.2180
MAE: 0.2933
========================================

Image: 22.png
Process time: 0.0000s
Parameters: 58
PSNR: 22.4225 dB
SSIM: 0.7099
MSE: 372.2432
LPIPS: 0.2846
NIQE: 0.0000
PI: 0.0000
LOE: 0.2856
MAE: 0.0585
========================================

Image: 23.png
Process time: 0.0010s
Parameters: 58
PSNR: 10.7194 dB
SSIM: 0.4247
MSE: 5509.8148
LPIPS: 0.5994
NIQE: 0.0000
PI: 0.0000
LOE: 0.3161
MAE: 0.3169
========================================

Image: 493.png
Process time: 0.0010s
Parameters: 58
PSNR: 21.7844 dB
SSIM: 0.6198
MSE: 431.1665
LPIPS: 0.2055
NIQE: 0.0000
PI: 0.0000
LOE: 0.2820
MAE: 0.1275
========================================

Image: 547.png
Process time: 0.0010s
Parameters: 58
PSNR: 21.2464 dB
SSIM: 0.5936
MSE: 488.0237
LPIPS: 0.3676
NIQE: 0.0000
PI: 0.0000
LOE: 0.3194
MAE: 0.0889
========================================

Image: 55.png
Process time: 0.0010s
Parameters: 58
PSNR: 10.2468 dB
SSIM: 0.4118
MSE: 6143.2532
LPIPS: 0.5231
NIQE: 0.0000
PI: 0.0000
LOE: 0.3180
MAE: 0.3334
========================================

Image: 665.png
Process time: 0.0000s
Parameters: 58
PSNR: 13.6811 dB
SSIM: 0.4108
MSE: 2785.9435
LPIPS: 0.5010
NIQE: 0.0000
PI: 0.0000
LOE: 0.3409
MAE: 0.2668
========================================

Image: 669.png
Process time: 0.0000s
Parameters: 58
PSNR: 23.5504 dB
SSIM: 0.6156
MSE: 287.1053
LPIPS: 0.3750
NIQE: 0.0000
PI: 0.0000
LOE: 0.3111
MAE: 0.0482
========================================

Image: 748.png
Process time: 0.0000s
Parameters: 58
PSNR: 22.3581 dB
SSIM: 0.6231
MSE: 377.8077
LPIPS: 0.2626
NIQE: 0.0000
PI: 0.0000
LOE: 0.2721
MAE: 0.0869
========================================

Image: 778.png
Process time: 0.0010s
Parameters: 58
PSNR: 17.8870 dB
SSIM: 0.5486
MSE: 1057.7344
LPIPS: 0.2918
NIQE: 0.0000
PI: 0.0000
LOE: 0.2486
MAE: 0.1898
========================================

Image: 780.png
Process time: 0.0010s
Parameters: 58
PSNR: 20.2750 dB
SSIM: 0.4933
MSE: 610.3471
LPIPS: 0.3829
NIQE: 0.0000
PI: 0.0000
LOE: 0.3186
MAE: 0.1352
========================================

Image: 79.png
Process time: 0.0000s
Parameters: 58
PSNR: 21.9617 dB
SSIM: 0.7267
MSE: 413.9185
LPIPS: 0.2570
NIQE: 0.0000
PI: 0.0000
LOE: 0.3017
MAE: 0.0595
========================================

Image: 1.png
Process time: 0.0000s
Parameters: 58
PSNR: 22.9997 dB
SSIM: 0.7309
MSE: 325.9207
LPIPS: 0.1914
LOE: 0.2241
MAE: 0.0592
========================================

Image: 111.png
Process time: 0.0000s
Parameters: 58
PSNR: 21.1838 dB
SSIM: 0.7004
MSE: 495.1033
LPIPS: 0.2924
LOE: 0.3015
MAE: 0.0667
========================================

Image: 146.png
Process time: 0.0010s
Parameters: 58
PSNR: 23.7880 dB
SSIM: 0.7777
MSE: 271.8217
LPIPS: 0.1635
LOE: 0.3130
MAE: 0.0503
========================================

Image: 179.png
Process time: 0.0010s
Parameters: 58
PSNR: 12.0167 dB
SSIM: 0.5621
MSE: 4087.0997
LPIPS: 0.2481
LOE: 0.2180
MAE: 0.2933
========================================

Image: 22.png
Process time: 0.0010s
Parameters: 58
PSNR: 22.4225 dB
SSIM: 0.7099
MSE: 372.2432
LPIPS: 0.2846
LOE: 0.2856
MAE: 0.0585
========================================

Image: 23.png
Process time: 0.0010s
Parameters: 58
PSNR: 10.7194 dB
SSIM: 0.4247
MSE: 5509.8148
LPIPS: 0.5994
LOE: 0.3161
MAE: 0.3169
========================================

Image: 493.png
Process time: 0.0010s
Parameters: 58
PSNR: 21.7844 dB
SSIM: 0.6198
MSE: 431.1665
LPIPS: 0.2055
LOE: 0.2820
MAE: 0.1275
========================================

Image: 547.png
Process time: 0.0000s
Parameters: 58
PSNR: 21.2464 dB
SSIM: 0.5936
MSE: 488.0237
LPIPS: 0.3676
LOE: 0.3194
MAE: 0.0889
========================================

Image: 55.png
Process time: 0.0010s
Parameters: 58
PSNR: 10.2468 dB
SSIM: 0.4118
MSE: 6143.2532
LPIPS: 0.5231
LOE: 0.3180
MAE: 0.3334
========================================

Image: 665.png
Process time: 0.0010s
Parameters: 58
PSNR: 13.6811 dB
SSIM: 0.4108
MSE: 2785.9435
LPIPS: 0.5010
LOE: 0.3409
MAE: 0.2668
========================================

Image: 669.png
Process time: 0.0010s
Parameters: 58
PSNR: 23.5504 dB
SSIM: 0.6156
MSE: 287.1053
LPIPS: 0.3750
LOE: 0.3111
MAE: 0.0482
========================================

Image: 748.png
Process time: 0.0005s
Parameters: 58
PSNR: 22.3581 dB
SSIM: 0.6231
MSE: 377.8077
LPIPS: 0.2626
LOE: 0.2721
MAE: 0.0869
========================================

Image: 778.png
Process time: 0.0000s
Parameters: 58
PSNR: 17.8870 dB
SSIM: 0.5486
MSE: 1057.7344
LPIPS: 0.2918
LOE: 0.2486
MAE: 0.1898
========================================

Image: 780.png
Process time: 0.0000s
Parameters: 58
PSNR: 20.2750 dB
SSIM: 0.4933
MSE: 610.3471
LPIPS: 0.3829
LOE: 0.3186
MAE: 0.1352
========================================

Image: 79.png
Process time: 0.0010s
Parameters: 58
PSNR: 21.9617 dB
SSIM: 0.7267
MSE: 413.9185
LPIPS: 0.2570
LOE: 0.3017
MAE: 0.0595
========================================

Image: 1.png
Process time: 0.0000s
Parameters: 58
PSNR: 21.9819 dB
SSIM: 0.7448
MSE: 411.9954
LPIPS: 0.1894
NIQE: 0.0000
PI: 0.0000
LOE: 0.2306
MAE: 0.0692
========================================

Image: 111.png
Process time: 0.0010s
Parameters: 58
PSNR: 18.2214 dB
SSIM: 0.7106
MSE: 979.3660
LPIPS: 0.2961
NIQE: 0.0000
PI: 0.0000
LOE: 0.3044
MAE: 0.1065
========================================

Image: 146.png
Process time: 0.0020s
Parameters: 58
PSNR: 25.2032 dB
SSIM: 0.7887
MSE: 196.2279
LPIPS: 0.1753
NIQE: 0.0000
PI: 0.0000
LOE: 0.3129
MAE: 0.0414
========================================

Image: 179.png
Process time: 0.0020s
Parameters: 58
PSNR: 13.5434 dB
SSIM: 0.6069
MSE: 2875.6916
LPIPS: 0.2382
NIQE: 0.0000
PI: 0.0000
LOE: 0.2180
MAE: 0.2557
========================================

Image: 22.png
Process time: 0.0020s
Parameters: 58
PSNR: 19.5035 dB
SSIM: 0.7135
MSE: 729.0085
LPIPS: 0.2958
NIQE: 0.0000
PI: 0.0000
LOE: 0.2802
MAE: 0.0963
========================================

Image: 23.png
Process time: 0.0050s
Parameters: 58
PSNR: 10.0128 dB
SSIM: 0.4245
MSE: 6483.3477
LPIPS: 0.5961
NIQE: 0.0000
PI: 0.0000
LOE: 0.3140
MAE: 0.3531
========================================

Image: 493.png
Process time: 0.0030s
Parameters: 58
PSNR: 20.8917 dB
SSIM: 0.6219
MSE: 529.5535
LPIPS: 0.2095
NIQE: 0.0000
PI: 0.0000
LOE: 0.2840
MAE: 0.1486
========================================

Image: 547.png
Process time: 0.0020s
Parameters: 58
PSNR: 24.1320 dB
SSIM: 0.6268
MSE: 251.1170
LPIPS: 0.3606
NIQE: 0.0000
PI: 0.0000
LOE: 0.3155
MAE: 0.0624
========================================

Image: 55.png
Process time: 0.0081s
Parameters: 58
PSNR: 9.6077 dB
SSIM: 0.4108
MSE: 7117.2817
LPIPS: 0.5189
NIQE: 0.0000
PI: 0.0000
LOE: 0.3162
MAE: 0.3693
========================================

Image: 665.png
Process time: 0.0120s
Parameters: 58
PSNR: 12.9134 dB
SSIM: 0.4168
MSE: 3324.6044
LPIPS: 0.4884
NIQE: 0.0000
PI: 0.0000
LOE: 0.3408
MAE: 0.3036
========================================

Image: 669.png
Process time: 0.0096s
Parameters: 58
PSNR: 21.1047 dB
SSIM: 0.6363
MSE: 504.2074
LPIPS: 0.3677
NIQE: 0.0000
PI: 0.0000
LOE: 0.3128
MAE: 0.0779
========================================

Image: 748.png
Process time: 0.0020s
Parameters: 58
PSNR: 24.5425 dB
SSIM: 0.6545
MSE: 228.4694
LPIPS: 0.2529
NIQE: 0.0000
PI: 0.0000
LOE: 0.2709
MAE: 0.0640
========================================

Image: 778.png
Process time: 0.0050s
Parameters: 58
PSNR: 16.9688 dB
SSIM: 0.5453
MSE: 1306.7590
LPIPS: 0.2920
NIQE: 0.0000
PI: 0.0000
LOE: 0.2482
MAE: 0.2241
========================================

Image: 780.png
Process time: 0.0030s
Parameters: 58
PSNR: 22.5244 dB
SSIM: 0.5295
MSE: 363.6139
LPIPS: 0.3599
NIQE: 0.0000
PI: 0.0000
LOE: 0.3176
MAE: 0.1087
========================================

Image: 79.png
Process time: 0.0050s
Parameters: 58
PSNR: 18.2697 dB
SSIM: 0.7327
MSE: 968.5239
LPIPS: 0.2654
NIQE: 0.0000
PI: 0.0000
LOE: 0.2977
MAE: 0.1001
========================================
